<?xml version="1.0" encoding="UTF-8"?>
<testng-results ignored="0" total="0" passed="0" failed="0" skipped="0">
  <reporter-output>
  </reporter-output>
  <suite started-at="2021-06-30T09:18:41 WEST" name="Surefire suite" finished-at="2021-06-30T09:19:00 WEST" duration-ms="18474">
    <groups>
    </groups>
    <test started-at="2021-06-30T09:18:41 WEST" name="Surefire test" finished-at="2021-06-30T09:19:00 WEST" duration-ms="18474">
    </test> <!-- Surefire test -->
  </suite> <!-- Surefire suite -->
</testng-results>
